[INFO] Scanning for projects...
[INFO] 
[INFO] -----------------< com.example:malicious-url-detector >-----------------
[INFO] Building malicious-url-detector 1.0-SNAPSHOT
[INFO]   from pom.xml
[INFO] --------------------------------[ jar ]---------------------------------
[INFO] 
[INFO] >>> spring-boot:3.2.0:run (default-cli) > test-compile @ malicious-url-detector >>>
[INFO] 
[INFO] --- resources:3.3.1:resources (default-resources) @ malicious-url-detector ---
[INFO] Copying 1 resource from src/main/resources to target/classes
[INFO] Copying 1 resource from src/main/resources to target/classes
[INFO] 
[INFO] --- compiler:3.11.0:compile (default-compile) @ malicious-url-detector ---
[INFO] Nothing to compile - all classes are up to date
[INFO] 
[INFO] --- resources:3.3.1:testResources (default-testResources) @ malicious-url-detector ---
[INFO] skip non existing resourceDirectory /Users/bootnext-55/Downloads/malicious-url-detector 2/src/test/resources
[INFO] 
[INFO] --- compiler:3.11.0:testCompile (default-testCompile) @ malicious-url-detector ---
[INFO] No sources to compile
[INFO] 
[INFO] <<< spring-boot:3.2.0:run (default-cli) < test-compile @ malicious-url-detector <<<
[INFO] 
[INFO] 
[INFO] --- spring-boot:3.2.0:run (default-cli) @ malicious-url-detector ---
[INFO] Attaching agents: []

  .   ____          _            __ _ _
 /\\ / ___'_ __ _ _(_)_ __  __ _ \ \ \ \
( ( )\___ | '_ | '_| | '_ \/ _` | \ \ \ \
 \\/  ___)| |_)| | | | | || (_| |  ) ) ) )
  '  |____| .__|_| |_|_| |_\__, | / / / /
 =========|_|==============|___/=/_/_/_/
 :: Spring Boot ::                (v3.2.0)

2025-07-16T17:12:18.270+05:30  INFO 86555 --- [           main] c.e.m.MalwareDetectorApplication         : Starting MalwareDetectorApplication using Java 21.0.6 with PID 86555 (/Users/bootnext-55/Downloads/malicious-url-detector 2/target/classes started by bootnext-55 in /Users/bootnext-55/Downloads/malicious-url-detector 2)
2025-07-16T17:12:18.271+05:30  INFO 86555 --- [           main] c.e.m.MalwareDetectorApplication         : No active profile set, falling back to 1 default profile: "default"
2025-07-16T17:12:18.536+05:30  INFO 86555 --- [           main] .s.d.r.c.RepositoryConfigurationDelegate : Bootstrapping Spring Data JPA repositories in DEFAULT mode.
2025-07-16T17:12:18.598+05:30  INFO 86555 --- [           main] .s.d.r.c.RepositoryConfigurationDelegate : Finished Spring Data repository scanning in 58 ms. Found 1 JPA repository interface.
2025-07-16T17:12:18.789+05:30  INFO 86555 --- [           main] o.s.b.w.embedded.tomcat.TomcatWebServer  : Tomcat initialized with port 8080 (http)
2025-07-16T17:12:18.793+05:30  INFO 86555 --- [           main] o.apache.catalina.core.StandardService   : Starting service [Tomcat]
2025-07-16T17:12:18.793+05:30  INFO 86555 --- [           main] o.apache.catalina.core.StandardEngine    : Starting Servlet engine: [Apache Tomcat/10.1.16]
2025-07-16T17:12:18.835+05:30  INFO 86555 --- [           main] o.a.c.c.C.[Tomcat].[localhost].[/]       : Initializing Spring embedded WebApplicationContext
2025-07-16T17:12:18.835+05:30  INFO 86555 --- [           main] w.s.c.ServletWebServerApplicationContext : Root WebApplicationContext: initialization completed in 550 ms
2025-07-16T17:12:18.848+05:30  INFO 86555 --- [           main] com.zaxxer.hikari.HikariDataSource       : HikariPool-1 - Starting...
2025-07-16T17:12:18.916+05:30  INFO 86555 --- [           main] com.zaxxer.hikari.pool.HikariPool        : HikariPool-1 - Added connection conn0: url=jdbc:h2:mem:urlscanner user=SA
2025-07-16T17:12:18.917+05:30  INFO 86555 --- [           main] com.zaxxer.hikari.HikariDataSource       : HikariPool-1 - Start completed.
2025-07-16T17:12:18.921+05:30  INFO 86555 --- [           main] o.s.b.a.h2.H2ConsoleAutoConfiguration    : H2 console available at '/h2-console'. Database available at 'jdbc:h2:mem:urlscanner'
2025-07-16T17:12:18.972+05:30  INFO 86555 --- [           main] o.hibernate.jpa.internal.util.LogHelper  : HHH000204: Processing PersistenceUnitInfo [name: default]
2025-07-16T17:12:19.000+05:30  INFO 86555 --- [           main] org.hibernate.Version                    : HHH000412: Hibernate ORM core version 6.3.1.Final
2025-07-16T17:12:19.014+05:30  INFO 86555 --- [           main] o.h.c.internal.RegionFactoryInitiator    : HHH000026: Second-level cache disabled
2025-07-16T17:12:19.107+05:30  INFO 86555 --- [           main] o.s.o.j.p.SpringPersistenceUnitInfo      : No LoadTimeWeaver setup: ignoring JPA class transformer
2025-07-16T17:12:19.134+05:30  WARN 86555 --- [           main] org.hibernate.orm.deprecation            : HHH90000025: H2Dialect does not need to be specified explicitly using 'hibernate.dialect' (remove the property setting and it will be selected by default)
2025-07-16T17:12:19.417+05:30  INFO 86555 --- [           main] o.h.e.t.j.p.i.JtaPlatformInitiator       : HHH000489: No JTA platform available (set 'hibernate.transaction.jta.platform' to enable JTA platform integration)
Hibernate: 
    drop table if exists url_scan_request cascade 
Hibernate: 
    create table url_scan_request (
        id bigint generated by default as identity,
        scanned_at timestamp(6),
        details varchar(2048),
        source varchar(255),
        status varchar(255),
        url varchar(255),
        primary key (id)
    )
2025-07-16T17:12:19.431+05:30  INFO 86555 --- [           main] j.LocalContainerEntityManagerFactoryBean : Initialized JPA EntityManagerFactory for persistence unit 'default'
2025-07-16T17:12:19.436+05:30  INFO 86555 --- [           main] c.e.m.s.d.DomainWhitelistService         : Added domain to whitelist: duckduckgo.com
2025-07-16T17:12:19.437+05:30  INFO 86555 --- [           main] c.e.m.s.d.DomainWhitelistService         : Domain whitelist initialized with 168 domains and 14 patterns
2025-07-16T17:12:19.528+05:30  INFO 86555 --- [           main] c.e.m.s.d.SmileMlDetectionService        : Initializing Java ML Detection Service
2025-07-16T17:12:19.686+05:30  WARN 86555 --- [           main] JpaBaseConfiguration$JpaWebConfiguration : spring.jpa.open-in-view is enabled by default. Therefore, database queries may be performed during view rendering. Explicitly configure spring.jpa.open-in-view to disable this warning
2025-07-16T17:12:19.694+05:30  INFO 86555 --- [           main] o.s.b.a.w.s.WelcomePageHandlerMapping    : Adding welcome page: class path resource [static/index.html]
2025-07-16T17:12:19.826+05:30  INFO 86555 --- [           main] o.s.b.w.embedded.tomcat.TomcatWebServer  : Tomcat started on port 8080 (http) with context path ''
2025-07-16T17:12:19.830+05:30  INFO 86555 --- [           main] c.e.m.MalwareDetectorApplication         : Started MalwareDetectorApplication in 1.712 seconds (process running for 1.854)
2025-07-16T17:12:22.269+05:30  INFO 86555 --- [nio-8080-exec-1] o.a.c.c.C.[Tomcat].[localhost].[/]       : Initializing Spring DispatcherServlet 'dispatcherServlet'
2025-07-16T17:12:22.269+05:30  INFO 86555 --- [nio-8080-exec-1] o.s.web.servlet.DispatcherServlet        : Initializing Servlet 'dispatcherServlet'
2025-07-16T17:12:22.270+05:30  INFO 86555 --- [nio-8080-exec-1] o.s.web.servlet.DispatcherServlet        : Completed initialization in 1 ms
2025-07-16T17:12:22.351+05:30  INFO 86555 --- [ool-2-thread-10] c.e.m.s.d.TransformerMLDetectionService  : ML prediction for https://www.google.com: safe (confidence: 0.900, isMalicious: false)
2025-07-16T17:12:22.351+05:30  INFO 86555 --- [pool-2-thread-7] c.e.m.s.d.TransformerMLDetectionService  : ML prediction for https://www.google.com: safe (confidence: 0.900, isMalicious: false)
Hibernate: 
    insert 
    into
        url_scan_request
        (details, scanned_at, source, status, url, id) 
    values
        (?, ?, ?, ?, ?, default)
2025-07-16T17:12:38.378+05:30  INFO 86555 --- [pool-2-thread-9] c.e.m.s.d.TransformerMLDetectionService  : ML prediction for https://www.google.com: safe (confidence: 0.900, isMalicious: false)
2025-07-16T17:12:38.378+05:30  INFO 86555 --- [pool-2-thread-6] c.e.m.s.d.TransformerMLDetectionService  : ML prediction for https://www.google.com: safe (confidence: 0.900, isMalicious: false)
Hibernate: 
    insert 
    into
        url_scan_request
        (details, scanned_at, source, status, url, id) 
    values
        (?, ?, ?, ?, ?, default)
2025-07-16T17:25:46.008+05:30  WARN 86555 --- [l-1 housekeeper] com.zaxxer.hikari.pool.HikariPool        : HikariPool-1 - Thread starvation or clock leap detected (housekeeper delta=2m26s880ms).
2025-07-16T18:08:03.540+05:30  WARN 86555 --- [l-1 housekeeper] com.zaxxer.hikari.pool.HikariPool        : HikariPool-1 - Thread starvation or clock leap detected (housekeeper delta=31m47s439ms).
2025-07-16T19:18:28.083+05:30  WARN 86555 --- [l-1 housekeeper] com.zaxxer.hikari.pool.HikariPool        : HikariPool-1 - Thread starvation or clock leap detected (housekeeper delta=16m24s97ms).
2025-07-16T19:52:30.191+05:30  WARN 86555 --- [l-1 housekeeper] com.zaxxer.hikari.pool.HikariPool        : HikariPool-1 - Thread starvation or clock leap detected (housekeeper delta=34m2s108ms).
2025-07-16T19:54:30.429+05:30  WARN 86555 --- [l-1 housekeeper] com.zaxxer.hikari.pool.HikariPool        : HikariPool-1 - Thread starvation or clock leap detected (housekeeper delta=2m239ms).
2025-07-16T19:59:24.163+05:30  WARN 86555 --- [l-1 housekeeper] com.zaxxer.hikari.pool.HikariPool        : HikariPool-1 - Thread starvation or clock leap detected (housekeeper delta=1m53s709ms).
2025-07-16T20:35:53.619+05:30  WARN 86555 --- [l-1 housekeeper] com.zaxxer.hikari.pool.HikariPool        : HikariPool-1 - Thread starvation or clock leap detected (housekeeper delta=1m29s139ms).
2025-07-16T20:37:13.672+05:30  WARN 86555 --- [l-1 housekeeper] com.zaxxer.hikari.pool.HikariPool        : HikariPool-1 - Thread starvation or clock leap detected (housekeeper delta=1m20s55ms).
2025-07-16T21:04:12.934+05:30  WARN 86555 --- [l-1 housekeeper] com.zaxxer.hikari.pool.HikariPool        : HikariPool-1 - Thread starvation or clock leap detected (housekeeper delta=59s113ms).
2025-07-16T21:10:06.387+05:30  WARN 86555 --- [l-1 housekeeper] com.zaxxer.hikari.pool.HikariPool        : HikariPool-1 - Thread starvation or clock leap detected (housekeeper delta=1m53s410ms).
2025-07-16T21:15:57.660+05:30  WARN 86555 --- [l-1 housekeeper] com.zaxxer.hikari.pool.HikariPool        : HikariPool-1 - Thread starvation or clock leap detected (housekeeper delta=1m21s229ms).
2025-07-16T21:28:03.849+05:30  WARN 86555 --- [l-1 housekeeper] com.zaxxer.hikari.pool.HikariPool        : HikariPool-1 - Thread starvation or clock leap detected (housekeeper delta=3m6s85ms).
2025-07-16T21:56:11.013+05:30  WARN 86555 --- [l-1 housekeeper] com.zaxxer.hikari.pool.HikariPool        : HikariPool-1 - Thread starvation or clock leap detected (housekeeper delta=2m36s977ms).
2025-07-16T22:11:02.391+05:30  WARN 86555 --- [l-1 housekeeper] com.zaxxer.hikari.pool.HikariPool        : HikariPool-1 - Thread starvation or clock leap detected (housekeeper delta=51s296ms).
2025-07-16T22:17:20.627+05:30  WARN 86555 --- [l-1 housekeeper] com.zaxxer.hikari.pool.HikariPool        : HikariPool-1 - Thread starvation or clock leap detected (housekeeper delta=2m48s208ms).
2025-07-16T22:21:16.037+05:30  WARN 86555 --- [l-1 housekeeper] com.zaxxer.hikari.pool.HikariPool        : HikariPool-1 - Thread starvation or clock leap detected (housekeeper delta=3m25s401ms).
2025-07-16T22:55:34.962+05:30  WARN 86555 --- [l-1 housekeeper] com.zaxxer.hikari.pool.HikariPool        : HikariPool-1 - Thread starvation or clock leap detected (housekeeper delta=30m48s904ms).
2025-07-16T23:33:42.670+05:30  WARN 86555 --- [l-1 housekeeper] com.zaxxer.hikari.pool.HikariPool        : HikariPool-1 - Thread starvation or clock leap detected (housekeeper delta=38m7s708ms).
2025-07-17T00:19:12.975+05:30  WARN 86555 --- [l-1 housekeeper] com.zaxxer.hikari.pool.HikariPool        : HikariPool-1 - Thread starvation or clock leap detected (housekeeper delta=45m30s305ms).
2025-07-17T00:51:39.293+05:30  WARN 86555 --- [l-1 housekeeper] com.zaxxer.hikari.pool.HikariPool        : HikariPool-1 - Thread starvation or clock leap detected (housekeeper delta=32m26s318ms).
2025-07-17T02:19:18.995+05:30  WARN 86555 --- [l-1 housekeeper] com.zaxxer.hikari.pool.HikariPool        : HikariPool-1 - Thread starvation or clock leap detected (housekeeper delta=1h27m39s702ms).
2025-07-17T03:24:15.236+05:30  WARN 86555 --- [l-1 housekeeper] com.zaxxer.hikari.pool.HikariPool        : HikariPool-1 - Thread starvation or clock leap detected (housekeeper delta=1h4m56s242ms).
2025-07-17T04:29:13.692+05:30  WARN 86555 --- [l-1 housekeeper] com.zaxxer.hikari.pool.HikariPool        : HikariPool-1 - Thread starvation or clock leap detected (housekeeper delta=1h4m58s455ms).
2025-07-17T05:24:20.870+05:30  WARN 86555 --- [l-1 housekeeper] com.zaxxer.hikari.pool.HikariPool        : HikariPool-1 - Thread starvation or clock leap detected (housekeeper delta=55m7s179ms).
2025-07-17T06:16:09.367+05:30  WARN 86555 --- [l-1 housekeeper] com.zaxxer.hikari.pool.HikariPool        : HikariPool-1 - Thread starvation or clock leap detected (housekeeper delta=51m48s497ms).
2025-07-17T07:23:05.822+05:30  WARN 86555 --- [l-1 housekeeper] com.zaxxer.hikari.pool.HikariPool        : HikariPool-1 - Thread starvation or clock leap detected (housekeeper delta=1h6m56s455ms).
2025-07-17T08:13:29.764+05:30  WARN 86555 --- [l-1 housekeeper] com.zaxxer.hikari.pool.HikariPool        : HikariPool-1 - Thread starvation or clock leap detected (housekeeper delta=50m23s941ms).
2025-07-17T09:19:36.116+05:30  WARN 86555 --- [l-1 housekeeper] com.zaxxer.hikari.pool.HikariPool        : HikariPool-1 - Thread starvation or clock leap detected (housekeeper delta=1h6m6s353ms).
2025-07-17T10:14:29.111+05:30  WARN 86555 --- [l-1 housekeeper] com.zaxxer.hikari.pool.HikariPool        : HikariPool-1 - Thread starvation or clock leap detected (housekeeper delta=54m52s994ms).
2025-07-17T11:15:28.234+05:30  WARN 86555 --- [l-1 housekeeper] com.zaxxer.hikari.pool.HikariPool        : HikariPool-1 - Thread starvation or clock leap detected (housekeeper delta=1h59s124ms).
2025-07-17T12:16:27.686+05:30  WARN 86555 --- [l-1 housekeeper] com.zaxxer.hikari.pool.HikariPool        : HikariPool-1 - Thread starvation or clock leap detected (housekeeper delta=1h59s451ms).
2025-07-17T12:53:00.369+05:30  WARN 86555 --- [l-1 housekeeper] com.zaxxer.hikari.pool.HikariPool        : HikariPool-1 - Thread starvation or clock leap detected (housekeeper delta=36m32s684ms).
2025-07-17T13:04:56.511+05:30  WARN 86555 --- [l-1 housekeeper] com.zaxxer.hikari.pool.HikariPool        : HikariPool-1 - Thread starvation or clock leap detected (housekeeper delta=11m56s141ms).
2025-07-17T13:58:04.079+05:30  WARN 86555 --- [l-1 housekeeper] com.zaxxer.hikari.pool.HikariPool        : HikariPool-1 - Thread starvation or clock leap detected (housekeeper delta=1m7s17ms).
2025-07-17T14:12:36.264+05:30  WARN 86555 --- [l-1 housekeeper] com.zaxxer.hikari.pool.HikariPool        : HikariPool-1 - Thread starvation or clock leap detected (housekeeper delta=5m2s83ms).
2025-07-17T16:03:34.126+05:30  WARN 86555 --- [l-1 housekeeper] com.zaxxer.hikari.pool.HikariPool        : HikariPool-1 - Thread starvation or clock leap detected (housekeeper delta=2m26s902ms).
2025-07-17T16:29:31.114+05:30  WARN 86555 --- [l-1 housekeeper] com.zaxxer.hikari.pool.HikariPool        : HikariPool-1 - Thread starvation or clock leap detected (housekeeper delta=23m26s965ms).
2025-07-17T16:32:14.437+05:30  WARN 86555 --- [l-1 housekeeper] com.zaxxer.hikari.pool.HikariPool        : HikariPool-1 - Thread starvation or clock leap detected (housekeeper delta=2m43s322ms).
2025-07-17T16:47:06.779+05:30  WARN 86555 --- [l-1 housekeeper] com.zaxxer.hikari.pool.HikariPool        : HikariPool-1 - Thread starvation or clock leap detected (housekeeper delta=6m22s299ms).
2025-07-17T16:49:33.396+05:30  WARN 86555 --- [l-1 housekeeper] com.zaxxer.hikari.pool.HikariPool        : HikariPool-1 - Thread starvation or clock leap detected (housekeeper delta=1m26s608ms).
2025-07-17T17:14:39.779+05:30  WARN 86555 --- [l-1 housekeeper] com.zaxxer.hikari.pool.HikariPool        : HikariPool-1 - Thread starvation or clock leap detected (housekeeper delta=10m36s296ms).
2025-07-17T17:57:23.878+05:30  WARN 86555 --- [l-1 housekeeper] com.zaxxer.hikari.pool.HikariPool        : HikariPool-1 - Thread starvation or clock leap detected (housekeeper delta=5m13s812ms).
2025-07-17T18:06:58.771+05:30  WARN 86555 --- [l-1 housekeeper] com.zaxxer.hikari.pool.HikariPool        : HikariPool-1 - Thread starvation or clock leap detected (housekeeper delta=3m4s843ms).
2025-07-17T18:29:08.805+05:30  WARN 86555 --- [l-1 housekeeper] com.zaxxer.hikari.pool.HikariPool        : HikariPool-1 - Thread starvation or clock leap detected (housekeeper delta=20m40s64ms).
2025-07-17T18:34:03.865+05:30  WARN 86555 --- [l-1 housekeeper] com.zaxxer.hikari.pool.HikariPool        : HikariPool-1 - Thread starvation or clock leap detected (housekeeper delta=2m45s819ms).
2025-07-17T20:31:04.290+05:30  WARN 86555 --- [l-1 housekeeper] com.zaxxer.hikari.pool.HikariPool        : HikariPool-1 - Thread starvation or clock leap detected (housekeeper delta=1m59s368ms).
2025-07-17T20:35:02.413+05:30  WARN 86555 --- [l-1 housekeeper] com.zaxxer.hikari.pool.HikariPool        : HikariPool-1 - Thread starvation or clock leap detected (housekeeper delta=1m28s95ms).
2025-07-17T20:40:54.339+05:30  WARN 86555 --- [l-1 housekeeper] com.zaxxer.hikari.pool.HikariPool        : HikariPool-1 - Thread starvation or clock leap detected (housekeeper delta=2m51s888ms).
2025-07-17T20:51:45.857+05:30  WARN 86555 --- [l-1 housekeeper] com.zaxxer.hikari.pool.HikariPool        : HikariPool-1 - Thread starvation or clock leap detected (housekeeper delta=4m21s474ms).
2025-07-17T21:01:48.939+05:30  WARN 86555 --- [l-1 housekeeper] com.zaxxer.hikari.pool.HikariPool        : HikariPool-1 - Thread starvation or clock leap detected (housekeeper delta=7m3s91ms).
2025-07-17T23:07:48.587+05:30  WARN 86555 --- [l-1 housekeeper] com.zaxxer.hikari.pool.HikariPool        : HikariPool-1 - Thread starvation or clock leap detected (housekeeper delta=37m58s969ms).
2025-07-17T23:59:50.834+05:30  WARN 86555 --- [l-1 housekeeper] com.zaxxer.hikari.pool.HikariPool        : HikariPool-1 - Thread starvation or clock leap detected (housekeeper delta=52m2s249ms).
2025-07-18T00:39:31.762+05:30  WARN 86555 --- [l-1 housekeeper] com.zaxxer.hikari.pool.HikariPool        : HikariPool-1 - Thread starvation or clock leap detected (housekeeper delta=39m40s928ms).
2025-07-18T01:48:30.741+05:30  WARN 86555 --- [l-1 housekeeper] com.zaxxer.hikari.pool.HikariPool        : HikariPool-1 - Thread starvation or clock leap detected (housekeeper delta=1h8m58s979ms).
2025-07-18T03:14:14.170+05:30  WARN 86555 --- [l-1 housekeeper] com.zaxxer.hikari.pool.HikariPool        : HikariPool-1 - Thread starvation or clock leap detected (housekeeper delta=1h25m43s429ms).
2025-07-18T04:20:40.062+05:30  WARN 86555 --- [l-1 housekeeper] com.zaxxer.hikari.pool.HikariPool        : HikariPool-1 - Thread starvation or clock leap detected (housekeeper delta=1h6m25s892ms).
2025-07-18T05:08:40.697+05:30  WARN 86555 --- [l-1 housekeeper] com.zaxxer.hikari.pool.HikariPool        : HikariPool-1 - Thread starvation or clock leap detected (housekeeper delta=48m635ms).
2025-07-18T06:15:43.671+05:30  WARN 86555 --- [l-1 housekeeper] com.zaxxer.hikari.pool.HikariPool        : HikariPool-1 - Thread starvation or clock leap detected (housekeeper delta=1h7m2s975ms).
2025-07-18T07:04:22.941+05:30  WARN 86555 --- [l-1 housekeeper] com.zaxxer.hikari.pool.HikariPool        : HikariPool-1 - Thread starvation or clock leap detected (housekeeper delta=48m39s270ms).
2025-07-18T08:08:24.821+05:30  WARN 86555 --- [l-1 housekeeper] com.zaxxer.hikari.pool.HikariPool        : HikariPool-1 - Thread starvation or clock leap detected (housekeeper delta=1h4m1s880ms).
2025-07-18T08:55:09.137+05:30  WARN 86555 --- [l-1 housekeeper] com.zaxxer.hikari.pool.HikariPool        : HikariPool-1 - Thread starvation or clock leap detected (housekeeper delta=46m44s316ms).
2025-07-18T10:02:24.148+05:30  WARN 86555 --- [l-1 housekeeper] com.zaxxer.hikari.pool.HikariPool        : HikariPool-1 - Thread starvation or clock leap detected (housekeeper delta=1h7m15s10ms).
2025-07-18T10:54:49.632+05:30  WARN 86555 --- [l-1 housekeeper] com.zaxxer.hikari.pool.HikariPool        : HikariPool-1 - Thread starvation or clock leap detected (housekeeper delta=52m25s484ms).
2025-07-18T12:11:50.310+05:30  WARN 86555 --- [l-1 housekeeper] com.zaxxer.hikari.pool.HikariPool        : HikariPool-1 - Thread starvation or clock leap detected (housekeeper delta=1h17m678ms).
2025-07-18T12:47:36.061+05:30  WARN 86555 --- [l-1 housekeeper] com.zaxxer.hikari.pool.HikariPool        : HikariPool-1 - Thread starvation or clock leap detected (housekeeper delta=35m45s752ms).
2025-07-18T13:04:57.668+05:30  WARN 86555 --- [l-1 housekeeper] com.zaxxer.hikari.pool.HikariPool        : HikariPool-1 - Thread starvation or clock leap detected (housekeeper delta=17m21s606ms).
2025-07-18T13:18:36.796+05:30  WARN 86555 --- [l-1 housekeeper] com.zaxxer.hikari.pool.HikariPool        : HikariPool-1 - Thread starvation or clock leap detected (housekeeper delta=1m39s41ms).
2025-07-18T13:54:08.024+05:30  WARN 86555 --- [l-1 housekeeper] com.zaxxer.hikari.pool.HikariPool        : HikariPool-1 - Thread starvation or clock leap detected (housekeeper delta=3m987ms).
2025-07-18T15:17:38.490+05:30  WARN 86555 --- [l-1 housekeeper] com.zaxxer.hikari.pool.HikariPool        : HikariPool-1 - Retrograde clock change detected (housekeeper delta=29s856ms), soft-evicting connections from pool.
2025-07-18T16:16:06.373+05:30  WARN 86555 --- [l-1 housekeeper] com.zaxxer.hikari.pool.HikariPool        : HikariPool-1 - Thread starvation or clock leap detected (housekeeper delta=52m27s693ms).
2025-07-18T16:18:57.244+05:30  WARN 86555 --- [l-1 housekeeper] com.zaxxer.hikari.pool.HikariPool        : HikariPool-1 - Thread starvation or clock leap detected (housekeeper delta=1m50s833ms).
2025-07-18T17:15:26.381+05:30  WARN 86555 --- [l-1 housekeeper] com.zaxxer.hikari.pool.HikariPool        : HikariPool-1 - Thread starvation or clock leap detected (housekeeper delta=1m28s622ms).
2025-07-18T17:23:12.380+05:30  WARN 86555 --- [l-1 housekeeper] com.zaxxer.hikari.pool.HikariPool        : HikariPool-1 - Thread starvation or clock leap detected (housekeeper delta=5m44s984ms).
2025-07-18T17:38:11.241+05:30  WARN 86555 --- [l-1 housekeeper] com.zaxxer.hikari.pool.HikariPool        : HikariPool-1 - Thread starvation or clock leap detected (housekeeper delta=1m55s984ms).
2025-07-18T17:46:29.461+05:30  WARN 86555 --- [l-1 housekeeper] com.zaxxer.hikari.pool.HikariPool        : HikariPool-1 - Thread starvation or clock leap detected (housekeeper delta=51s235ms).
2025-07-18T18:19:02.829+05:30  WARN 86555 --- [l-1 housekeeper] com.zaxxer.hikari.pool.HikariPool        : HikariPool-1 - Thread starvation or clock leap detected (housekeeper delta=17m33s225ms).
2025-07-18T18:52:21.855+05:30  WARN 86555 --- [pool-2-thread-2] c.e.m.s.d.DynamicContentAnalyzerService  : Error fetching content from https://djkvnfjkv

java.net.ConnectException: null
	at java.net.http/jdk.internal.net.http.HttpClientImpl.send(HttpClientImpl.java:951) ~[java.net.http:na]
	at java.net.http/jdk.internal.net.http.HttpClientFacade.send(HttpClientFacade.java:133) ~[java.net.http:na]
	at com.example.malwaredetector.service.detection.DynamicContentAnalyzerService.fetchWebpageContent(DynamicContentAnalyzerService.java:136) ~[classes/:na]
	at com.example.malwaredetector.service.detection.DynamicContentAnalyzerService.detect(DynamicContentAnalyzerService.java:73) ~[classes/:na]
	at com.example.malwaredetector.service.ComprehensiveMalwareDetectionService.lambda$scanUrl$1(ComprehensiveMalwareDetectionService.java:75) ~[classes/:na]
	at java.base/java.util.concurrent.CompletableFuture$AsyncSupply.run(CompletableFuture.java:1768) ~[na:na]
	at java.base/java.util.concurrent.ThreadPoolExecutor.runWorker(ThreadPoolExecutor.java:1144) ~[na:na]
	at java.base/java.util.concurrent.ThreadPoolExecutor$Worker.run(ThreadPoolExecutor.java:642) ~[na:na]
	at java.base/java.lang.Thread.run(Thread.java:1583) ~[na:na]
Caused by: java.net.ConnectException: null
	at java.net.http/jdk.internal.net.http.common.Utils.toConnectException(Utils.java:1041) ~[java.net.http:na]
	at java.net.http/jdk.internal.net.http.PlainHttpConnection.connectAsync(PlainHttpConnection.java:227) ~[java.net.http:na]
	at java.net.http/jdk.internal.net.http.AsyncSSLConnection.connectAsync(AsyncSSLConnection.java:56) ~[java.net.http:na]
	at java.net.http/jdk.internal.net.http.Http2Connection.createAsync(Http2Connection.java:527) ~[java.net.http:na]
	at java.net.http/jdk.internal.net.http.Http2ClientImpl.getConnectionFor(Http2ClientImpl.java:138) ~[java.net.http:na]
	at java.net.http/jdk.internal.net.http.ExchangeImpl.get(ExchangeImpl.java:94) ~[java.net.http:na]
	at java.net.http/jdk.internal.net.http.Exchange.establishExchange(Exchange.java:391) ~[java.net.http:na]
	at java.net.http/jdk.internal.net.http.Exchange.responseAsyncImpl0(Exchange.java:584) ~[java.net.http:na]
	at java.net.http/jdk.internal.net.http.Exchange.responseAsyncImpl(Exchange.java:428) ~[java.net.http:na]
	at java.net.http/jdk.internal.net.http.Exchange.responseAsync(Exchange.java:420) ~[java.net.http:na]
	at java.net.http/jdk.internal.net.http.MultiExchange.responseAsyncImpl(MultiExchange.java:413) ~[java.net.http:na]
	at java.net.http/jdk.internal.net.http.MultiExchange.lambda$responseAsyncImpl$7(MultiExchange.java:454) ~[java.net.http:na]
	at java.base/java.util.concurrent.CompletableFuture.uniHandle(CompletableFuture.java:934) ~[na:na]
	at java.base/java.util.concurrent.CompletableFuture.uniHandleStage(CompletableFuture.java:950) ~[na:na]
	at java.base/java.util.concurrent.CompletableFuture.handle(CompletableFuture.java:2372) ~[na:na]
	at java.net.http/jdk.internal.net.http.MultiExchange.responseAsyncImpl(MultiExchange.java:444) ~[java.net.http:na]
	at java.net.http/jdk.internal.net.http.MultiExchange.lambda$responseAsync0$2(MultiExchange.java:346) ~[java.net.http:na]
	at java.base/java.util.concurrent.CompletableFuture$UniCompose.tryFire(CompletableFuture.java:1150) ~[na:na]
	at java.base/java.util.concurrent.CompletableFuture.postComplete(CompletableFuture.java:510) ~[na:na]
	at java.base/java.util.concurrent.CompletableFuture$AsyncSupply.run(CompletableFuture.java:1773) ~[na:na]
	at java.net.http/jdk.internal.net.http.HttpClientImpl$DelegatingExecutor.execute(HttpClientImpl.java:177) ~[java.net.http:na]
	at java.base/java.util.concurrent.CompletableFuture.completeAsync(CompletableFuture.java:2719) ~[na:na]
	at java.net.http/jdk.internal.net.http.MultiExchange.responseAsync(MultiExchange.java:299) ~[java.net.http:na]
	at java.net.http/jdk.internal.net.http.HttpClientImpl.sendAsync(HttpClientImpl.java:1049) ~[java.net.http:na]
	at java.net.http/jdk.internal.net.http.HttpClientImpl.send(HttpClientImpl.java:930) ~[java.net.http:na]
	... 8 common frames omitted
Caused by: java.nio.channels.UnresolvedAddressException: null
	at java.base/sun.nio.ch.Net.checkAddress(Net.java:137) ~[na:na]
	at java.base/sun.nio.ch.Net.checkAddress(Net.java:145) ~[na:na]
	at java.base/sun.nio.ch.SocketChannelImpl.checkRemote(SocketChannelImpl.java:842) ~[na:na]
	at java.base/sun.nio.ch.SocketChannelImpl.connect(SocketChannelImpl.java:865) ~[na:na]
	at java.net.http/jdk.internal.net.http.PlainHttpConnection.lambda$connectAsync$1(PlainHttpConnection.java:210) ~[java.net.http:na]
	at java.base/java.security.AccessController.doPrivileged(AccessController.java:571) ~[na:na]
	at java.net.http/jdk.internal.net.http.PlainHttpConnection.connectAsync(PlainHttpConnection.java:212) ~[java.net.http:na]
	... 31 common frames omitted

2025-07-18T18:52:21.855+05:30  WARN 86555 --- [pool-2-thread-7] c.e.m.s.d.DynamicContentAnalyzerService  : Error fetching content from https://djkvnfjkv

java.net.ConnectException: null
	at java.net.http/jdk.internal.net.http.HttpClientImpl.send(HttpClientImpl.java:951) ~[java.net.http:na]
	at java.net.http/jdk.internal.net.http.HttpClientFacade.send(HttpClientFacade.java:133) ~[java.net.http:na]
	at com.example.malwaredetector.service.detection.DynamicContentAnalyzerService.fetchWebpageContent(DynamicContentAnalyzerService.java:136) ~[classes/:na]
	at com.example.malwaredetector.service.detection.DynamicContentAnalyzerService.detect(DynamicContentAnalyzerService.java:73) ~[classes/:na]
	at com.example.malwaredetector.service.ComprehensiveMalwareDetectionService.lambda$scanUrl$0(ComprehensiveMalwareDetectionService.java:61) ~[classes/:na]
	at java.base/java.util.concurrent.CompletableFuture$AsyncSupply.run(CompletableFuture.java:1768) ~[na:na]
	at java.base/java.util.concurrent.ThreadPoolExecutor.runWorker(ThreadPoolExecutor.java:1144) ~[na:na]
	at java.base/java.util.concurrent.ThreadPoolExecutor$Worker.run(ThreadPoolExecutor.java:642) ~[na:na]
	at java.base/java.lang.Thread.run(Thread.java:1583) ~[na:na]
Caused by: java.net.ConnectException: null
	at java.net.http/jdk.internal.net.http.common.Utils.toConnectException(Utils.java:1041) ~[java.net.http:na]
	at java.net.http/jdk.internal.net.http.PlainHttpConnection.connectAsync(PlainHttpConnection.java:227) ~[java.net.http:na]
	at java.net.http/jdk.internal.net.http.AsyncSSLConnection.connectAsync(AsyncSSLConnection.java:56) ~[java.net.http:na]
	at java.net.http/jdk.internal.net.http.Http2Connection.createAsync(Http2Connection.java:527) ~[java.net.http:na]
	at java.net.http/jdk.internal.net.http.Http2ClientImpl.getConnectionFor(Http2ClientImpl.java:138) ~[java.net.http:na]
	at java.net.http/jdk.internal.net.http.ExchangeImpl.get(ExchangeImpl.java:94) ~[java.net.http:na]
	at java.net.http/jdk.internal.net.http.Exchange.establishExchange(Exchange.java:391) ~[java.net.http:na]
	at java.net.http/jdk.internal.net.http.Exchange.responseAsyncImpl0(Exchange.java:584) ~[java.net.http:na]
	at java.net.http/jdk.internal.net.http.Exchange.responseAsyncImpl(Exchange.java:428) ~[java.net.http:na]
	at java.net.http/jdk.internal.net.http.Exchange.responseAsync(Exchange.java:420) ~[java.net.http:na]
	at java.net.http/jdk.internal.net.http.MultiExchange.responseAsyncImpl(MultiExchange.java:413) ~[java.net.http:na]
	at java.net.http/jdk.internal.net.http.MultiExchange.lambda$responseAsyncImpl$7(MultiExchange.java:454) ~[java.net.http:na]
	at java.base/java.util.concurrent.CompletableFuture.uniHandle(CompletableFuture.java:934) ~[na:na]
	at java.base/java.util.concurrent.CompletableFuture.uniHandleStage(CompletableFuture.java:950) ~[na:na]
	at java.base/java.util.concurrent.CompletableFuture.handle(CompletableFuture.java:2372) ~[na:na]
	at java.net.http/jdk.internal.net.http.MultiExchange.responseAsyncImpl(MultiExchange.java:444) ~[java.net.http:na]
	at java.net.http/jdk.internal.net.http.MultiExchange.lambda$responseAsync0$2(MultiExchange.java:346) ~[java.net.http:na]
	at java.base/java.util.concurrent.CompletableFuture$UniCompose.tryFire(CompletableFuture.java:1150) ~[na:na]
	at java.base/java.util.concurrent.CompletableFuture.postComplete(CompletableFuture.java:510) ~[na:na]
	at java.base/java.util.concurrent.CompletableFuture$AsyncSupply.run(CompletableFuture.java:1773) ~[na:na]
	at java.net.http/jdk.internal.net.http.HttpClientImpl$DelegatingExecutor.execute(HttpClientImpl.java:177) ~[java.net.http:na]
	at java.base/java.util.concurrent.CompletableFuture.completeAsync(CompletableFuture.java:2719) ~[na:na]
	at java.net.http/jdk.internal.net.http.MultiExchange.responseAsync(MultiExchange.java:299) ~[java.net.http:na]
	at java.net.http/jdk.internal.net.http.HttpClientImpl.sendAsync(HttpClientImpl.java:1049) ~[java.net.http:na]
	at java.net.http/jdk.internal.net.http.HttpClientImpl.send(HttpClientImpl.java:930) ~[java.net.http:na]
	... 8 common frames omitted
Caused by: java.nio.channels.UnresolvedAddressException: null
	at java.base/sun.nio.ch.Net.checkAddress(Net.java:137) ~[na:na]
	at java.base/sun.nio.ch.Net.checkAddress(Net.java:145) ~[na:na]
	at java.base/sun.nio.ch.SocketChannelImpl.checkRemote(SocketChannelImpl.java:842) ~[na:na]
	at java.base/sun.nio.ch.SocketChannelImpl.connect(SocketChannelImpl.java:865) ~[na:na]
	at java.net.http/jdk.internal.net.http.PlainHttpConnection.lambda$connectAsync$1(PlainHttpConnection.java:210) ~[java.net.http:na]
	at java.base/java.security.AccessController.doPrivileged(AccessController.java:571) ~[na:na]
	at java.net.http/jdk.internal.net.http.PlainHttpConnection.connectAsync(PlainHttpConnection.java:212) ~[java.net.http:na]
	... 31 common frames omitted

2025-07-18T18:52:21.899+05:30  INFO 86555 --- [pool-2-thread-9] c.e.m.s.d.TransformerMLDetectionService  : ML prediction for https://djkvnfjkv: safe (confidence: 0.500, isMalicious: false)
2025-07-18T18:52:21.899+05:30  INFO 86555 --- [pool-2-thread-2] c.e.m.s.d.TransformerMLDetectionService  : ML prediction for https://djkvnfjkv: safe (confidence: 0.500, isMalicious: false)
Hibernate: 
    insert 
    into
        url_scan_request
        (details, scanned_at, source, status, url, id) 
    values
        (?, ?, ?, ?, ?, default)
2025-07-18T18:52:22.151+05:30  WARN 86555 --- [io-8080-exec-10] o.h.engine.jdbc.spi.SqlExceptionHelper   : SQL Error: 42104, SQLState: 42S04
2025-07-18T18:52:22.151+05:30 ERROR 86555 --- [io-8080-exec-10] o.h.engine.jdbc.spi.SqlExceptionHelper   : Table "URL_SCAN_REQUEST" not found (this database is empty); SQL statement:
insert into url_scan_request (details,scanned_at,source,status,url,id) values (?,?,?,?,?,default) [42104-224]
2025-07-18T18:52:42.703+05:30  INFO 86555 --- [ool-2-thread-10] c.e.m.s.d.TransformerMLDetectionService  : ML prediction for https://google.com: safe (confidence: 0.900, isMalicious: false)
2025-07-18T18:52:42.703+05:30  INFO 86555 --- [pool-2-thread-4] c.e.m.s.d.TransformerMLDetectionService  : ML prediction for https://google.com: safe (confidence: 0.900, isMalicious: false)
Hibernate: 
    insert 
    into
        url_scan_request
        (details, scanned_at, source, status, url, id) 
    values
        (?, ?, ?, ?, ?, default)
2025-07-18T18:52:43.043+05:30  WARN 86555 --- [nio-8080-exec-1] o.h.engine.jdbc.spi.SqlExceptionHelper   : SQL Error: 42104, SQLState: 42S04
2025-07-18T18:52:43.044+05:30 ERROR 86555 --- [nio-8080-exec-1] o.h.engine.jdbc.spi.SqlExceptionHelper   : Table "URL_SCAN_REQUEST" not found (this database is empty); SQL statement:
insert into url_scan_request (details,scanned_at,source,status,url,id) values (?,?,?,?,?,default) [42104-224]
2025-07-18T18:53:01.384+05:30  INFO 86555 --- [pool-2-thread-8] c.e.m.s.d.TransformerMLDetectionService  : ML prediction for https://p.ip.fi/oe1x: safe (confidence: 0.500, isMalicious: false)
2025-07-18T18:53:02.294+05:30  INFO 86555 --- [ool-2-thread-10] c.e.m.s.d.TransformerMLDetectionService  : ML prediction for https://p.ip.fi/oe1x: safe (confidence: 0.500, isMalicious: false)
Hibernate: 
    insert 
    into
        url_scan_request
        (details, scanned_at, source, status, url, id) 
    values
        (?, ?, ?, ?, ?, default)
2025-07-18T18:53:02.458+05:30  WARN 86555 --- [nio-8080-exec-2] o.h.engine.jdbc.spi.SqlExceptionHelper   : SQL Error: 42104, SQLState: 42S04
2025-07-18T18:53:02.458+05:30 ERROR 86555 --- [nio-8080-exec-2] o.h.engine.jdbc.spi.SqlExceptionHelper   : Table "URL_SCAN_REQUEST" not found (this database is empty); SQL statement:
insert into url_scan_request (details,scanned_at,source,status,url,id) values (?,?,?,?,?,default) [42104-224]
2025-07-18T18:53:15.572+05:30  INFO 86555 --- [pool-2-thread-7] c.e.m.s.d.TransformerMLDetectionService  : ML prediction for https://dev.visionwaves.com/jenkins/job/Backend_Microservice_Dev_java_21/628/: safe (confidence: 0.500, isMalicious: false)
2025-07-18T18:53:15.736+05:30  WARN 86555 --- [pool-2-thread-4] c.e.m.s.d.DynamicContentAnalyzerService  : Failed to fetch content from https://dev.visionwaves.com/jenkins/job/Backend_Microservice_Dev_java_21/628/, status: 403
2025-07-18T18:53:15.736+05:30  WARN 86555 --- [pool-2-thread-1] c.e.m.s.d.DynamicContentAnalyzerService  : Failed to fetch content from https://dev.visionwaves.com/jenkins/job/Backend_Microservice_Dev_java_21/628/, status: 403
2025-07-18T18:53:15.746+05:30  INFO 86555 --- [pool-2-thread-1] c.e.m.s.d.TransformerMLDetectionService  : ML prediction for https://dev.visionwaves.com/jenkins/job/Backend_Microservice_Dev_java_21/628/: safe (confidence: 0.500, isMalicious: false)
Hibernate: 
    insert 
    into
        url_scan_request
        (details, scanned_at, source, status, url, id) 
    values
        (?, ?, ?, ?, ?, default)
2025-07-18T18:53:15.747+05:30  WARN 86555 --- [nio-8080-exec-3] o.h.engine.jdbc.spi.SqlExceptionHelper   : SQL Error: 42104, SQLState: 42S04
2025-07-18T18:53:15.747+05:30 ERROR 86555 --- [nio-8080-exec-3] o.h.engine.jdbc.spi.SqlExceptionHelper   : Table "URL_SCAN_REQUEST" not found (this database is empty); SQL statement:
insert into url_scan_request (details,scanned_at,source,status,url,id) values (?,?,?,?,?,default) [42104-224]
2025-07-18T18:53:21.955+05:30  INFO 86555 --- [pool-2-thread-6] c.e.m.s.d.TransformerMLDetectionService  : ML prediction for https://dev.visionwaves.com: safe (confidence: 0.500, isMalicious: false)
2025-07-18T18:53:22.153+05:30  WARN 86555 --- [pool-2-thread-5] c.e.m.s.d.DynamicContentAnalyzerService  : Failed to fetch content from https://dev.visionwaves.com, status: 404
2025-07-18T18:53:22.153+05:30  WARN 86555 --- [pool-2-thread-8] c.e.m.s.d.DynamicContentAnalyzerService  : Failed to fetch content from https://dev.visionwaves.com, status: 404
2025-07-18T18:53:22.160+05:30  INFO 86555 --- [pool-2-thread-5] c.e.m.s.d.TransformerMLDetectionService  : ML prediction for https://dev.visionwaves.com: safe (confidence: 0.500, isMalicious: false)
Hibernate: 
    insert 
    into
        url_scan_request
        (details, scanned_at, source, status, url, id) 
    values
        (?, ?, ?, ?, ?, default)
2025-07-18T18:53:22.162+05:30  WARN 86555 --- [nio-8080-exec-4] o.h.engine.jdbc.spi.SqlExceptionHelper   : SQL Error: 42104, SQLState: 42S04
2025-07-18T18:53:22.162+05:30 ERROR 86555 --- [nio-8080-exec-4] o.h.engine.jdbc.spi.SqlExceptionHelper   : Table "URL_SCAN_REQUEST" not found (this database is empty); SQL statement:
insert into url_scan_request (details,scanned_at,source,status,url,id) values (?,?,?,?,?,default) [42104-224]
2025-07-18T19:24:53.768+05:30  WARN 86555 --- [l-1 housekeeper] com.zaxxer.hikari.pool.HikariPool        : HikariPool-1 - Thread starvation or clock leap detected (housekeeper delta=1m50s426ms).
2025-07-18T19:46:00.636+05:30  WARN 86555 --- [l-1 housekeeper] com.zaxxer.hikari.pool.HikariPool        : HikariPool-1 - Thread starvation or clock leap detected (housekeeper delta=13m6s697ms).
2025-07-18T19:57:01.242+05:30  WARN 86555 --- [l-1 housekeeper] com.zaxxer.hikari.pool.HikariPool        : HikariPool-1 - Thread starvation or clock leap detected (housekeeper delta=1m30s529ms).
2025-07-18T20:14:04.316+05:30  WARN 86555 --- [l-1 housekeeper] com.zaxxer.hikari.pool.HikariPool        : HikariPool-1 - Thread starvation or clock leap detected (housekeeper delta=2m32s930ms).
2025-07-18T20:15:21.067+05:30  WARN 86555 --- [l-1 housekeeper] com.zaxxer.hikari.pool.HikariPool        : HikariPool-1 - Thread starvation or clock leap detected (housekeeper delta=46s683ms).
2025-07-18T20:21:33.335+05:30  WARN 86555 --- [l-1 housekeeper] com.zaxxer.hikari.pool.HikariPool        : HikariPool-1 - Thread starvation or clock leap detected (housekeeper delta=3m42s234ms).
2025-07-18T21:15:31.249+05:30  WARN 86555 --- [l-1 housekeeper] com.zaxxer.hikari.pool.HikariPool        : HikariPool-1 - Thread starvation or clock leap detected (housekeeper delta=32m57s775ms).
2025-07-18T22:37:05.509+05:30  WARN 86555 --- [l-1 housekeeper] com.zaxxer.hikari.pool.HikariPool        : HikariPool-1 - Thread starvation or clock leap detected (housekeeper delta=1h21m34s262ms).
2025-07-18T23:13:57.453+05:30  WARN 86555 --- [l-1 housekeeper] com.zaxxer.hikari.pool.HikariPool        : HikariPool-1 - Thread starvation or clock leap detected (housekeeper delta=36m51s944ms).
2025-07-18T23:44:28.637+05:30  WARN 86555 --- [l-1 housekeeper] com.zaxxer.hikari.pool.HikariPool        : HikariPool-1 - Thread starvation or clock leap detected (housekeeper delta=30m31s182ms).
2025-07-18T23:59:58.499+05:30  WARN 86555 --- [l-1 housekeeper] com.zaxxer.hikari.pool.HikariPool        : HikariPool-1 - Thread starvation or clock leap detected (housekeeper delta=15m29s855ms).
2025-07-19T00:45:28.069+05:30  WARN 86555 --- [l-1 housekeeper] com.zaxxer.hikari.pool.HikariPool        : HikariPool-1 - Thread starvation or clock leap detected (housekeeper delta=45m29s578ms).
2025-07-19T01:00:57.951+05:30  WARN 86555 --- [l-1 housekeeper] com.zaxxer.hikari.pool.HikariPool        : HikariPool-1 - Thread starvation or clock leap detected (housekeeper delta=15m29s883ms).
2025-07-19T01:31:27.696+05:30  WARN 86555 --- [l-1 housekeeper] com.zaxxer.hikari.pool.HikariPool        : HikariPool-1 - Thread starvation or clock leap detected (housekeeper delta=30m29s745ms).
2025-07-19T02:01:57.321+05:30  WARN 86555 --- [l-1 housekeeper] com.zaxxer.hikari.pool.HikariPool        : HikariPool-1 - Thread starvation or clock leap detected (housekeeper delta=30m29s624ms).
2025-07-19T02:37:02.538+05:30  WARN 86555 --- [l-1 housekeeper] com.zaxxer.hikari.pool.HikariPool        : HikariPool-1 - Thread starvation or clock leap detected (housekeeper delta=35m5s218ms).
2025-07-19T03:43:48.605+05:30  WARN 86555 --- [l-1 housekeeper] com.zaxxer.hikari.pool.HikariPool        : HikariPool-1 - Thread starvation or clock leap detected (housekeeper delta=1h6m46s66ms).
2025-07-19T04:42:45.282+05:30  WARN 86555 --- [l-1 housekeeper] com.zaxxer.hikari.pool.HikariPool        : HikariPool-1 - Thread starvation or clock leap detected (housekeeper delta=58m56s677ms).
2025-07-19T05:50:49.440+05:30  WARN 86555 --- [l-1 housekeeper] com.zaxxer.hikari.pool.HikariPool        : HikariPool-1 - Thread starvation or clock leap detected (housekeeper delta=1h8m4s159ms).
2025-07-19T06:57:26.039+05:30  WARN 86555 --- [l-1 housekeeper] com.zaxxer.hikari.pool.HikariPool        : HikariPool-1 - Thread starvation or clock leap detected (housekeeper delta=1h6m36s598ms).
2025-07-19T07:46:36.660+05:30  WARN 86555 --- [l-1 housekeeper] com.zaxxer.hikari.pool.HikariPool        : HikariPool-1 - Thread starvation or clock leap detected (housekeeper delta=49m10s622ms).
2025-07-19T08:51:34.922+05:30  WARN 86555 --- [l-1 housekeeper] com.zaxxer.hikari.pool.HikariPool        : HikariPool-1 - Thread starvation or clock leap detected (housekeeper delta=1h4m58s261ms).
2025-07-19T09:44:30.798+05:30  WARN 86555 --- [l-1 housekeeper] com.zaxxer.hikari.pool.HikariPool        : HikariPool-1 - Thread starvation or clock leap detected (housekeeper delta=52m55s877ms).
2025-07-19T10:40:07.223+05:30  WARN 86555 --- [l-1 housekeeper] com.zaxxer.hikari.pool.HikariPool        : HikariPool-1 - Thread starvation or clock leap detected (housekeeper delta=55m36s424ms).
2025-07-19T11:13:42.885+05:30  WARN 86555 --- [l-1 housekeeper] com.zaxxer.hikari.pool.HikariPool        : HikariPool-1 - Thread starvation or clock leap detected (housekeeper delta=33m35s662ms).
2025-07-19T12:13:11.580+05:30  WARN 86555 --- [l-1 housekeeper] com.zaxxer.hikari.pool.HikariPool        : HikariPool-1 - Thread starvation or clock leap detected (housekeeper delta=59m28s696ms).
2025-07-19T12:55:42.964+05:30  WARN 86555 --- [l-1 housekeeper] com.zaxxer.hikari.pool.HikariPool        : HikariPool-1 - Thread starvation or clock leap detected (housekeeper delta=42m31s384ms).
2025-07-19T13:55:09.410+05:30  WARN 86555 --- [l-1 housekeeper] com.zaxxer.hikari.pool.HikariPool        : HikariPool-1 - Thread starvation or clock leap detected (housekeeper delta=59m26s446ms).
2025-07-19T14:11:33.827+05:30  WARN 86555 --- [l-1 housekeeper] com.zaxxer.hikari.pool.HikariPool        : HikariPool-1 - Thread starvation or clock leap detected (housekeeper delta=16m24s417ms).
2025-07-19T15:28:48.135+05:30  WARN 86555 --- [l-1 housekeeper] com.zaxxer.hikari.pool.HikariPool        : HikariPool-1 - Thread starvation or clock leap detected (housekeeper delta=1h16m44s300ms).
2025-07-19T16:32:28.556+05:30  WARN 86555 --- [l-1 housekeeper] com.zaxxer.hikari.pool.HikariPool        : HikariPool-1 - Thread starvation or clock leap detected (housekeeper delta=1h3m40s420ms).
2025-07-19T16:37:57.413+05:30  WARN 86555 --- [l-1 housekeeper] com.zaxxer.hikari.pool.HikariPool        : HikariPool-1 - Thread starvation or clock leap detected (housekeeper delta=5m28s858ms).
2025-07-19T16:56:47.923+05:30  WARN 86555 --- [l-1 housekeeper] com.zaxxer.hikari.pool.HikariPool        : HikariPool-1 - Thread starvation or clock leap detected (housekeeper delta=18m50s509ms).
2025-07-19T17:22:00.812+05:30  WARN 86555 --- [l-1 housekeeper] com.zaxxer.hikari.pool.HikariPool        : HikariPool-1 - Thread starvation or clock leap detected (housekeeper delta=25m12s890ms).
2025-07-19T17:23:24.036+05:30  WARN 86555 --- [l-1 housekeeper] com.zaxxer.hikari.pool.HikariPool        : HikariPool-1 - Thread starvation or clock leap detected (housekeeper delta=1m23s224ms).
2025-07-19T17:26:15.443+05:30  WARN 86555 --- [l-1 housekeeper] com.zaxxer.hikari.pool.HikariPool        : HikariPool-1 - Thread starvation or clock leap detected (housekeeper delta=51s388ms).
